<?xml version="1.0" encoding="UTF-8"?>
<!-- Generated by org.testng.reporters.JUnitReportReporter -->
<testsuite hostname="KIWS-SG1992" name="com.xchanging.appium.TestTestNG" tests="2" failures="0" timestamp="8 Jul 2014 05:55:24 GMT" time="0.016" errors="0">
  <testcase name="f1" time="0.001" classname="com.xchanging.appium.TestTestNG"/>
  <testcase name="f" time="0.015" classname="com.xchanging.appium.TestTestNG"/>
</testsuite> <!-- com.xchanging.appium.TestTestNG -->
