<?xml version="1.0" encoding="UTF-8"?>
<!-- Generated by org.testng.reporters.JUnitReportReporter -->
<testsuite hostname="KIWS-SG1498" name="com.xchanging.appium.Enrollment_Flow" tests="1" failures="0" timestamp="11 Jul 2014 07:29:25 GMT" time="217.665" errors="0">
  <testcase name="Enrollment" time="217.665" classname="com.xchanging.appium.Enrollment_Flow"/>
</testsuite> <!-- com.xchanging.appium.Enrollment_Flow -->
